Performing C SOURCE FILE Test CMAKE_HAVE_LIBC_PTHREAD failed with the following output:
Change Dir: /root/dl_cpp/deeplearning_pytorch/build/CMakeFiles/CMakeTmp

Run Build Command(s):/usr/bin/make -f Makefile cmTC_0a058/fast && /usr/bin/make  -f CMakeFiles/cmTC_0a058.dir/build.make CMakeFiles/cmTC_0a058.dir/build
make[1]: Entering directory '/root/dl_cpp/deeplearning_pytorch/build/CMakeFiles/CMakeTmp'
Building C object CMakeFiles/cmTC_0a058.dir/src.c.o
/usr/bin/cc -DCMAKE_HAVE_LIBC_PTHREAD   -o CMakeFiles/cmTC_0a058.dir/src.c.o -c /root/dl_cpp/deeplearning_pytorch/build/CMakeFiles/CMakeTmp/src.c
Linking C executable cmTC_0a058
/opt/cmake-3.23.4-linux-x86_64/bin/cmake -E cmake_link_script CMakeFiles/cmTC_0a058.dir/link.txt --verbose=1
/usr/bin/cc -rdynamic CMakeFiles/cmTC_0a058.dir/src.c.o -o cmTC_0a058 
/usr/bin/ld: CMakeFiles/cmTC_0a058.dir/src.c.o: in function `main':
src.c:(.text+0x46): undefined reference to `pthread_create'
/usr/bin/ld: src.c:(.text+0x52): undefined reference to `pthread_detach'
/usr/bin/ld: src.c:(.text+0x5e): undefined reference to `pthread_cancel'
/usr/bin/ld: src.c:(.text+0x6f): undefined reference to `pthread_join'
collect2: error: ld returned 1 exit status
make[1]: *** [CMakeFiles/cmTC_0a058.dir/build.make:99: cmTC_0a058] Error 1
make[1]: Leaving directory '/root/dl_cpp/deeplearning_pytorch/build/CMakeFiles/CMakeTmp'
make: *** [Makefile:127: cmTC_0a058/fast] Error 2


Source file was:
#include <pthread.h>

static void* test_func(void* data)
{
  return data;
}

int main(void)
{
  pthread_t thread;
  pthread_create(&thread, NULL, test_func, NULL);
  pthread_detach(thread);
  pthread_cancel(thread);
  pthread_join(thread, NULL);
  pthread_atfork(NULL, NULL, NULL);
  pthread_exit(NULL);

  return 0;
}

Determining if the function pthread_create exists in the pthreads failed with the following output:
Change Dir: /root/dl_cpp/deeplearning_pytorch/build/CMakeFiles/CMakeTmp

Run Build Command(s):/usr/bin/make -f Makefile cmTC_c74c8/fast && /usr/bin/make  -f CMakeFiles/cmTC_c74c8.dir/build.make CMakeFiles/cmTC_c74c8.dir/build
make[1]: Entering directory '/root/dl_cpp/deeplearning_pytorch/build/CMakeFiles/CMakeTmp'
Building C object CMakeFiles/cmTC_c74c8.dir/CheckFunctionExists.c.o
/usr/bin/cc   -DCHECK_FUNCTION_EXISTS=pthread_create -o CMakeFiles/cmTC_c74c8.dir/CheckFunctionExists.c.o -c /opt/cmake-3.23.4-linux-x86_64/share/cmake-3.23/Modules/CheckFunctionExists.c
Linking C executable cmTC_c74c8
/opt/cmake-3.23.4-linux-x86_64/bin/cmake -E cmake_link_script CMakeFiles/cmTC_c74c8.dir/link.txt --verbose=1
/usr/bin/cc  -DCHECK_FUNCTION_EXISTS=pthread_create -rdynamic CMakeFiles/cmTC_c74c8.dir/CheckFunctionExists.c.o -o cmTC_c74c8  -lpthreads 
/usr/bin/ld: cannot find -lpthreads
collect2: error: ld returned 1 exit status
make[1]: *** [CMakeFiles/cmTC_c74c8.dir/build.make:99: cmTC_c74c8] Error 1
make[1]: Leaving directory '/root/dl_cpp/deeplearning_pytorch/build/CMakeFiles/CMakeTmp'
make: *** [Makefile:127: cmTC_c74c8/fast] Error 2



